<?xml version="1.0" encoding="UTF-8"?>
<!-- Generated by org.testng.reporters.JUnitReportReporter -->
<testsuite skipped="0" hostname="Karthik" name="com.crm.qa.testcases.LoginPageTest" tests="3" failures="0" timestamp="03 Dec 2018 08:04:03 GMT" time="96.916" errors="0">
  <testcase name="loginPageTitleTest" time="24.571" classname="com.crm.qa.testcases.LoginPageTest"/>
  <testcase name="crmLogoImageTest" time="11.676" classname="com.crm.qa.testcases.LoginPageTest"/>
  <testcase name="loginTest" time="60.669" classname="com.crm.qa.testcases.LoginPageTest"/>
</testsuite> <!-- com.crm.qa.testcases.LoginPageTest -->
