<?xml version="1.0" encoding="UTF-8"?>
<!-- Generated by org.testng.reporters.JUnitReportReporter -->
<testsuite skipped="0" hostname="Karthik" name="com.crm.qa.testcases.HomePageTest" tests="3" failures="0" timestamp="18 Dec 2018 08:37:02 GMT" time="119.308" errors="0">
  <testcase name="verifyContactsLinkTest" time="40.832" classname="com.crm.qa.testcases.HomePageTest"/>
  <testcase name="verifyHomePageTitleTest" time="40.119" classname="com.crm.qa.testcases.HomePageTest"/>
  <testcase name="verifyUserNameTest" time="38.357" classname="com.crm.qa.testcases.HomePageTest"/>
</testsuite> <!-- com.crm.qa.testcases.HomePageTest -->
