<?xml version="1.0" encoding="UTF-8"?>
<!-- Generated by org.testng.reporters.JUnitReportReporter -->
<testsuite skipped="0" hostname="Karthik" name="com.crm.qa.testcases.HomePageTest" tests="3" failures="0" timestamp="03 Dec 2018 08:04:03 GMT" time="185.755" errors="0">
  <testcase name="verifyHomePageTitleTest" time="63.152" classname="com.crm.qa.testcases.HomePageTest"/>
  <testcase name="verifyUserNameTest" time="60.824" classname="com.crm.qa.testcases.HomePageTest"/>
  <testcase name="verifyContactsLinkTest" time="61.779" classname="com.crm.qa.testcases.HomePageTest"/>
</testsuite> <!-- com.crm.qa.testcases.HomePageTest -->
